C51 COMPILER V8.08   PROG2                                                                 01/29/2019 13:27:58 PAGE 1   


C51 COMPILER V8.08, COMPILATION OF MODULE PROG2
OBJECT MODULE PLACED IN prog2.OBJ
COMPILER INVOKED BY: C:\Keil\C51\BIN\C51.EXE prog2.c BROWSE DEBUG OBJECTEXTEND

line level    source

   1          #include <reg51.h>
   2          // freq/delay of led blink should change  after 5 times it blink 
   3          void mydelay(int d)
   4          {       unsigned int i,j; 
   5   1              for ( j=0 ; j<d ;j++){
   6   2                      for(i=0;i<20000; i++); 
   7   2              }
   8   1      }
   9          void main()
  10          {       int k=0,h,dd=8;
  11   1              while(1){
  12   2                      for (h=0;h<3;h++){
  13   3                        for (k=0 ; k<5; k++){
  14   4                              P2 = 0xff;   mydelay(dd);// 1010 1010
  15   4                              P2 = 0x00;       mydelay(dd);// 0101 0101
  16   4                        }
  17   3                        dd=dd/2;
  18   3                      }                
  19   2              }
  20   1      }
  21          /*
  22                  for (k=0 ; k<5; k++){
  23                                  P2 = 0xff;   mydelay(9);// 1010 1010
  24                                  P2 = 0x00;       mydelay(9);// 0101 0101
  25                          }
  26                          for (k=0 ; k<5; k++){
  27                                  P2 = 0xff;   mydelay(5);// 1010 1010
  28                                  P2 = 0x00;       mydelay(5);// 0101 0101
  29                          }
  30                          for (k=0 ; k<5; k++){
  31                                  P2 = 0xff;   mydelay(1);// 1010 1010
  32                                  P2 = 0x00;       mydelay(1);// 0101 0101
  33                          }*/


MODULE INFORMATION:   STATIC OVERLAYABLE
   CODE SIZE        =    113    ----
   CONSTANT SIZE    =   ----    ----
   XDATA SIZE       =   ----    ----
   PDATA SIZE       =   ----    ----
   DATA SIZE        =   ----       4
   IDATA SIZE       =   ----    ----
   BIT SIZE         =   ----    ----
END OF MODULE INFORMATION.


C51 COMPILATION COMPLETE.  0 WARNING(S),  0 ERROR(S)
