C51 COMPILER V8.08   PROG3                                                                 02/04/2019 15:22:59 PAGE 1   


C51 COMPILER V8.08, COMPILATION OF MODULE PROG3
OBJECT MODULE PLACED IN prog3.OBJ
COMPILER INVOKED BY: C:\Keil\C51\BIN\C51.EXE prog3.c BROWSE DEBUG OBJECTEXTEND

line level    source

   1          #include<reg51.H>
   2          #define LCDPORT P2
   3          sbit RS=P3^0;
   4          sbit E =P3^1;
   5          
   6          void my_delay(int i)
   7          {int j; 
   8   1              for (;i>0;i--)
   9   1                      for (j=0; j<30000;j++){}
  10   1      }
  11          void LCD_Cmd ( int  i ) {
  12   1            RS = 0;   // RS=0 for command 
  13   1            E  = 1 ;   LCDPORT = i ;  my_delay(1);      E  = 0 ;
  14   1      }
  15          void LCD_Data ( int  i ) {
  16   1            RS = 1;    // RS=1 for data
  17   1            E  = 1 ;   LCDPORT = i ;  my_delay(1);     E  = 0 ;
  18   1      }
  19          void LCD_init(){
  20   1              LCD_Cmd(0x38);   my_delay(1);
  21   1              LCD_Cmd(0x38);   my_delay(1);
  22   1              LCD_Cmd(0x01);   my_delay(1);
  23   1              LCD_Cmd(0x0e);   my_delay(1);
  24   1      }
  25          void main()
  26          {       LCD_init() ;    
  27   1              while(1){
  28   2                      LCD_Data('I');   
  29   2                      LCD_Data('n');   
  30   2                      LCD_Data('d');   
  31   2                      LCD_Data('i');   
  32   2                      LCD_Data('a');   my_delay(1); 
  33   2              }
  34   1      }


MODULE INFORMATION:   STATIC OVERLAYABLE
   CODE SIZE        =    136    ----
   CONSTANT SIZE    =   ----    ----
   XDATA SIZE       =   ----    ----
   PDATA SIZE       =   ----    ----
   DATA SIZE        =   ----    ----
   IDATA SIZE       =   ----    ----
   BIT SIZE         =   ----    ----
END OF MODULE INFORMATION.


C51 COMPILATION COMPLETE.  0 WARNING(S),  0 ERROR(S)
