C51 COMPILER V8.08   P1_LCD                                                                02/11/2019 10:34:00 PAGE 1   


C51 COMPILER V8.08, COMPILATION OF MODULE P1_LCD
OBJECT MODULE PLACED IN p1_LCD.OBJ
COMPILER INVOKED BY: C:\Keil\C51\BIN\C51.EXE p1_LCD.c BROWSE DEBUG OBJECTEXTEND

line level    source

   1          #include<reg51.H>
   2          #define LCDPORT P2
   3          sbit RS=P3^0;
   4          sbit E =P3^1;
   5          
   6          void my_delay(int i)
   7          {int j; 
   8   1              for (;i>0;i--)
   9   1                      for (j=0; j<30000;j++){}
  10   1      }
  11          void LCD_Cmd ( int  i ) {
  12   1            RS = 0;   LCDPORT = i ; // RS=0 for command 
  13   1            E  = 1 ;          my_delay(1);      E  = 0 ;
  14   1      }
  15          void LCD_Data ( int  i ) {
  16   1            RS = 1;   LCDPORT = i ;  // RS=1 for data
  17   1            E  = 1 ;          my_delay(1);     E  = 0 ;
  18   1      }
  19          void main()
  20          {       // initialize the LCD 
  21   1              LCD_Cmd (0x38); LCD_Cmd (0x01);  LCD_Cmd (0x0e);
  22   1              while(1){        
  23   2                      LCD_Data ( 'I');LCD_Data ( 'n');LCD_Data ( 'd');
  24   2              }
  25   1      
  26   1      }


MODULE INFORMATION:   STATIC OVERLAYABLE
   CODE SIZE        =    101    ----
   CONSTANT SIZE    =   ----    ----
   XDATA SIZE       =   ----    ----
   PDATA SIZE       =   ----    ----
   DATA SIZE        =   ----    ----
   IDATA SIZE       =   ----    ----
   BIT SIZE         =   ----    ----
END OF MODULE INFORMATION.


C51 COMPILATION COMPLETE.  0 WARNING(S),  0 ERROR(S)
