C51 COMPILER V8.08   P2_LCD_KEYPAD                                                         02/11/2019 11:10:37 PAGE 1   


C51 COMPILER V8.08, COMPILATION OF MODULE P2_LCD_KEYPAD
OBJECT MODULE PLACED IN P2_lcd_keypad.OBJ
COMPILER INVOKED BY: C:\Keil\C51\BIN\C51.EXE P2_lcd_keypad.c BROWSE DEBUG OBJECTEXTEND

line level    source

   1          #include<reg51.H>
   2          #define LCDPORT P2
   3          sbit RS=P3^0;
   4          sbit E =P3^1;
   5          sbit C1=P3^4;  sbit C2=P3^3; sbit C3=P3^2;
   6          sbit R1=P3^5;  sbit R2=P3^6; sbit R3=P3^7;
   7          
   8          void my_delay(int i)
   9          {int j; 
  10   1              for (;i>0;i--)
  11   1                      for (j=0; j<30000;j++){}
  12   1      }
  13          void LCD_Cmd ( int  i ) {
  14   1            RS = 0;   LCDPORT = i ; // RS=0 for command 
  15   1            E  = 1 ;          my_delay(1);      E  = 0 ;
  16   1      }
  17          void LCD_Data ( int  i ) {
  18   1            RS = 1;   LCDPORT = i ;  // RS=1 for data
  19   1            E  = 1 ;          my_delay(1);     E  = 0 ;
  20   1      }
  21          int n=0,cnt=0,rishi=1;
  22          void main()
  23          {       // initialize the LCD 
  24   1              LCD_Cmd (0x38); LCD_Cmd (0x01);  LCD_Cmd (0x0e);
  25   1              C1=C2=C3=R1=R2=R3=1     ;
  26   1              while(rishi==1){         
  27   2                      C1=0;
  28   2                 if ( R1==0){ LCD_Data ( '1');n=n*10+1; my_delay(1); while(R1==0);}  
  29   2                 if ( R2==0){ LCD_Data ( '4');n=n*10+4;my_delay(1); } 
  30   2                 if ( R3==0){ LCD_Data ( '='); my_delay(1); } 
  31   2                 C1=1;C2=0;
  32   2                 if ( R1==0){ LCD_Data ( '2'); n=n*10+2;my_delay(1); }  
  33   2                 if ( R2==0){ LCD_Data ( '5'); n=n*10+5;my_delay(1); } 
  34   2                 if ( R3==0){ LCD_Data ( '8'); n=n*10+8; my_delay(1); } 
  35   2                      C2=1; C3=0;
  36   2                 if ( R1==0){ LCD_Data ( '3'); n=n*10+3; my_delay(1); }  
  37   2                 if ( R2==0){ LCD_Data ( '6'); n=n*10+6;my_delay(1); } 
  38   2                 if ( R3==0){ if (n==123) {
  39   4                                                      LCD_Data ( 'o');LCD_Data ( 'k');
  40   4                                                      rishi=2;while(1){} 
  41   4                                              }
  42   3                                              else {LCD_Data ( 'n');LCD_Data ( 'o');  cnt++;}
  43   3                                               my_delay(1); 
  44   3                                              LCD_Cmd (0x01); // clear screen
  45   3                                              n=0;
  46   3                                              if (cnt>2){
  47   4                                                      LCD_Data ( 'L');LCD_Data ( 'o');
  48   4                                                      LCD_Data ( 'c');LCD_Data ( 'k');
  49   4                                              }
  50   3                                      } 
  51   2                      C3=1;
  52   2              }
  53   1               
  54   1      }

C51 COMPILER V8.08   P2_LCD_KEYPAD                                                         02/11/2019 11:10:37 PAGE 2   


MODULE INFORMATION:   STATIC OVERLAYABLE
   CODE SIZE        =    432    ----
   CONSTANT SIZE    =   ----    ----
   XDATA SIZE       =   ----    ----
   PDATA SIZE       =   ----    ----
   DATA SIZE        =      6    ----
   IDATA SIZE       =   ----    ----
   BIT SIZE         =   ----    ----
END OF MODULE INFORMATION.


C51 COMPILATION COMPLETE.  0 WARNING(S),  0 ERROR(S)
