C51 COMPILER V8.08   LED_BUTTON                                                            08/06/2019 14:45:14 PAGE 1   


C51 COMPILER V8.08, COMPILATION OF MODULE LED_BUTTON
OBJECT MODULE PLACED IN led_button.OBJ
COMPILER INVOKED BY: C:\Keil\C51\BIN\C51.EXE led_button.c BROWSE DEBUG OBJECTEXTEND

line level    source

   1          #include <reg51.h>
   2          #include<functions.c>
   3          
   4          void mydelay() ; // function declaration
   5          sbit  BUTTON1= P2^0;
   6          int status=0;
   7          
   8          void main(){
   9   1              while(1){
  10   2                      if (BUTTON1 == 0 ) {
  11   3                               if (status ==1) status=0;
  12   3                               else status=1;
  13   3                               while (BUTTON1 == 0 ); 
  14   3                      }  
  15   2                      if (status ==1) {
  16   3                              P1 = 0xaa; mydelay();
  17   3                              P1 = 0x55; mydelay();
  18   3                      }
  19   2                      else  P1 = 0x00; 
  20   2      
  21   2              }
  22   1      }


MODULE INFORMATION:   STATIC OVERLAYABLE
   CODE SIZE        =     70    ----
   CONSTANT SIZE    =   ----    ----
   XDATA SIZE       =   ----    ----
   PDATA SIZE       =   ----    ----
   DATA SIZE        =      2    ----
   IDATA SIZE       =   ----    ----
   BIT SIZE         =   ----    ----
END OF MODULE INFORMATION.


C51 COMPILATION COMPLETE.  0 WARNING(S),  0 ERROR(S)
