C51 COMPILER V8.08   PROG                                                                  07/07/2014 14:27:20 PAGE 1   


C51 COMPILER V8.08, COMPILATION OF MODULE PROG
OBJECT MODULE PLACED IN prog.OBJ
COMPILER INVOKED BY: C:\Keil\C51\BIN\C51.EXE prog.c BROWSE DEBUG OBJECTEXTEND

line level    source

   1          #include<reg51.h>
   2          sbit R1 = P2^4;
   3          sbit R2 = P2^5;
   4          sbit R3 = P2^6;
   5          sbit R4 = P2^7;
   6          
   7          sbit C1=  P2^3;
   8          sbit C2=  P2^2;
   9          sbit C3=  P2^1;
  10          sbit C4=  P2^0;
  11           
  12          #define LCDDATA P0
  13          sbit RS = P1^0;
  14          sbit RW = P1^1;
  15          sbit E = P1^2;  
  16          sbit BUZZER = P3^7;
  17          
  18          void mydelay()
  19          {                  int i;
  20   1              for(i=0;i<30000;i++);
  21   1      }
  22          void lcd_data(char x)
  23          {       RS = 1;         E=1;
  24   1              LCDDATA =x;     mydelay();
  25   1              //BUZZER = 0;
  26   1              E=0;    
  27   1      }
  28          void lcd_cmd(char x)
  29          {       RS =0 ;         E=1;
  30   1              LCDDATA =x;     mydelay();
  31   1              E=0;    
  32   1      }
  33          void lcd_init()
  34          {                
  35   1                      lcd_cmd(0x38);
  36   1                      lcd_cmd(0x01);
  37   1                      lcd_cmd(0x0e);
  38   1      }
  39          void main()
  40          {       BUZZER =0; RW=0;         
  41   1              lcd_init();     
  42   1              lcd_data('A');
  43   1              R1=R2=R3=R4=1;  C1=C2=C3=C4=1; 
  44   1              while(1){
  45   2                       R1=0; 
  46   2                       if (C1==0){ lcd_data('4') ; while(C1==0);} 
  47   2                       if (C2==0){ lcd_data('3') ; while(C2==0);} 
  48   2                       if (C3==0){ lcd_data('2') ; while(C3==0);} 
  49   2                       if (C4==0){ 
  50   3                              lcd_data('1') ; while(C3==0);
  51   3      //                      lcd_cmd(0x10) ; 
  52   3      //                      lcd_data(' ') ;
  53   3      //                      lcd_cmd(0x10) ; 
  54   3                              while(C4==0);
  55   3                      } 
C51 COMPILER V8.08   PROG                                                                  07/07/2014 14:27:20 PAGE 2   

  56   2                       R1=1; R2=0; 
  57   2                      if (C1==0){ lcd_data('8') ; while(C1==0);} 
  58   2                      if (C2==0){ lcd_data('7') ; while(C2==0);} 
  59   2                      if (C3==0){ lcd_data('6') ; while(C3==0);} 
  60   2                      if (C4==0){ lcd_data('5') ;     while(C4==0);} 
  61   2      
  62   2                      R2=1; R3=0; 
  63   2                      if (C1==0){ lcd_data('c') ; while(C1==0);} 
  64   2                      if (C2==0){ lcd_data('b') ; while(C2==0);} 
  65   2                      if (C3==0){ lcd_data('a') ; while(C3==0);} 
  66   2                      if (C4==0){ lcd_data('9') ;     while(C4==0);} 
  67   2      
  68   2                       R3=1; R4=0; 
  69   2                      if (C1==0){ lcd_data('g') ; while(C1==0);} 
  70   2                      if (C2==0){ lcd_data('f') ; while(C2==0);} 
  71   2                      if (C3==0){ lcd_data('e') ; while(C3==0);} 
  72   2                      if (C4==0){ lcd_data('d') ;     while(C4==0);} 
  73   2      
  74   2                      R1=R2=R3=R4=1; 
  75   2              }
  76   1      }


MODULE INFORMATION:   STATIC OVERLAYABLE
   CODE SIZE        =    286    ----
   CONSTANT SIZE    =   ----    ----
   XDATA SIZE       =   ----    ----
   PDATA SIZE       =   ----    ----
   DATA SIZE        =   ----    ----
   IDATA SIZE       =   ----    ----
   BIT SIZE         =   ----    ----
END OF MODULE INFORMATION.


C51 COMPILATION COMPLETE.  0 WARNING(S),  0 ERROR(S)
