C51 COMPILER V9.60.0.0   LED1                                                              08/05/2022 15:37:12 PAGE 1   


C51 COMPILER V9.60.0.0, COMPILATION OF MODULE LED1
OBJECT MODULE PLACED IN .\Objects\led1.obj
COMPILER INVOKED BY: C:\Keil_v5\C51\BIN\C51.EXE led1.c OPTIMIZE(8,SPEED) BROWSE DEBUG OBJECTEXTEND PRINT(.\Listings\led1
                    -.lst) TABS(2) OBJECT(.\Objects\led1.obj)

line level    source

   1          #include <reg51.h>
   2          
   3          void mydelay(int t){
   4   1         int x=0,y=0;
   5   1         for (x=0 ; x<t; x++)
   6   1         {  for (y=0 ; y<20000; y++){     }   
   7   2         }
   8   1       }
   9          void main(){
  10   1          while(1){
  11   2            P1 = 0x0f;   //1010 1010
  12   2            mydelay(10);
  13   2            P1= 0xf0;  //0101 0101
  14   2            mydelay(10);
  15   2          }
  16   1      }


MODULE INFORMATION:   STATIC OVERLAYABLE
   CODE SIZE        =     56    ----
   CONSTANT SIZE    =   ----    ----
   XDATA SIZE       =   ----    ----
   PDATA SIZE       =   ----    ----
   DATA SIZE        =   ----    ----
   IDATA SIZE       =   ----    ----
   BIT SIZE         =   ----    ----
END OF MODULE INFORMATION.


C51 COMPILATION COMPLETE.  0 WARNING(S),  0 ERROR(S)
