C51 COMPILER V8.08   P1                                                                    01/31/2019 12:27:07 PAGE 1   


C51 COMPILER V8.08, COMPILATION OF MODULE P1
OBJECT MODULE PLACED IN p1.OBJ
COMPILER INVOKED BY: C:\Keil\C51\BIN\C51.EXE p1.c BROWSE DEBUG OBJECTEXTEND

line level    source

   1          #include<reg51.h>
   2          void mydelay()
   3          {       unsigned int i ;
   4   1              for (i=0;i<40000;i++);
   5   1      }
   6          void main()
   7          {
   8   1              while(1){                                  //xgfe dcba 
   9   2                      P2= 0xc0; mydelay() ; ///1100 0000  -zero
  10   2                      P2= 0xf9; mydelay();  ///1111 1001  -one
  11   2                      P2= 0xa4; mydelay();  ///1010 0100  -two
  12   2      
  13   2              }
  14   1      }


MODULE INFORMATION:   STATIC OVERLAYABLE
   CODE SIZE        =     46    ----
   CONSTANT SIZE    =   ----    ----
   XDATA SIZE       =   ----    ----
   PDATA SIZE       =   ----    ----
   DATA SIZE        =   ----    ----
   IDATA SIZE       =   ----    ----
   BIT SIZE         =   ----    ----
END OF MODULE INFORMATION.


C51 COMPILATION COMPLETE.  0 WARNING(S),  0 ERROR(S)
