C51 COMPILER V8.08   P2                                                                    01/31/2019 15:39:13 PAGE 1   


C51 COMPILER V8.08, COMPILATION OF MODULE P2
OBJECT MODULE PLACED IN p2.OBJ
COMPILER INVOKED BY: C:\Keil\C51\BIN\C51.EXE p2.c BROWSE DEBUG OBJECTEXTEND

line level    source

   1          #include<reg51.h>
   2          void mydelay()
   3          {       unsigned int i ;
   4   1              for (i=0;i<40000;i++);
   5   1      }
   6          void display(int i )
   7          {                                                //xgfe dcba 
   8   1              if(i==0)P2= 0xc0;   ///1100 0000  -zero
   9   1              if(i==1) P2= 0xf9;  ///1111 1001  -one
  10   1              if(i==2) P2= 0xa4;  ///1010 0100  -two  
  11   1              mydelay()  ;
  12   1      }       
  13          void main()
  14          {               int cnt; 
  15   1              while(1){                                  
  16   2                      for (cnt=0; cnt<=2; cnt++) display(cnt); 
  17   2              }                                  
  18   1      }


MODULE INFORMATION:   STATIC OVERLAYABLE
   CODE SIZE        =     87    ----
   CONSTANT SIZE    =   ----    ----
   XDATA SIZE       =   ----    ----
   PDATA SIZE       =   ----    ----
   DATA SIZE        =   ----       2
   IDATA SIZE       =   ----    ----
   BIT SIZE         =   ----    ----
END OF MODULE INFORMATION.


C51 COMPILATION COMPLETE.  0 WARNING(S),  0 ERROR(S)
