C51 COMPILER V8.08   LED                                                                   01/25/2019 13:11:38 PAGE 1   


C51 COMPILER V8.08, COMPILATION OF MODULE LED
OBJECT MODULE PLACED IN led.OBJ
COMPILER INVOKED BY: C:\Keil\C51\BIN\C51.EXE led.c BROWSE DEBUG OBJECTEXTEND

line level    source

   1          #include <reg51.h>
   2          //define function 
   3          delay( int x  ) 
   4          {       int i;
   5   1              for ( ; x>0 ; x--){
   6   2                      for (i=0; i<255; i++){   }      
   7   2              }
   8   1      }
   9          void main()
  10          {
  11   1              while(1){
  12   2      //              P2 = 0x00;         // 0000 0000
  13   2      //              delay(400); 
  14   2      //              P2 = 0xff;         // 1111 1111
  15   2                      
  16   2                       P2 = 0x01;      //0000 0001
  17   2                      delay(400); 
  18   2                      P2 = 0x02;       //0000 0010
  19   2                      delay(400);
  20   2              }
  21   1      }


MODULE INFORMATION:   STATIC OVERLAYABLE
   CODE SIZE        =     54    ----
   CONSTANT SIZE    =   ----    ----
   XDATA SIZE       =   ----    ----
   PDATA SIZE       =   ----    ----
   DATA SIZE        =   ----    ----
   IDATA SIZE       =   ----    ----
   BIT SIZE         =   ----    ----
END OF MODULE INFORMATION.


C51 COMPILATION COMPLETE.  0 WARNING(S),  0 ERROR(S)
